<?xml version="1.0" encoding="UTF-8"?>
<dataset>

    <!-- PERMISSION -->
    <PERMISSION guid="p11" optlock="0" app_id="app1" resource="o1" action="a1"/>
    <PERMISSION guid="p12" optlock="0" app_id="app1" resource="o1" action="a2"/>
    <PERMISSION guid="p13" optlock="0" app_id="app1" resource="o1" action="a3"/>

    <PERMISSION guid="p14" optlock="0" app_id="app1" resource="o2" action="a2"/>
    <PERMISSION guid="p15" optlock="0" app_id="app1" resource="o2" action="a3"/>

    <PERMISSION guid="p21" optlock="0" app_id="app2" resource="o1" action="a1"/>
    <PERMISSION guid="p22" optlock="0" app_id="app2" resource="o1" action="a2"/>
</dataset>