<?xml version="1.0" encoding="UTF-8"?>
<dataset>

    <APPLICATION guid="a1" optlock="0" app_id="app1" name="app1" description="app1" product_name="test1"/>
    <APPLICATION guid="a2" optlock="0" app_id="app2" name="app2" description="app2" product_name="test1"/>
    <APPLICATION guid="a20" optlock="0" app_id="app20" name="app20" description="app20" product_name="test2"/>

    <!-- PERMISSION -->
    <PERMISSION guid="p11" optlock="0" app_id="app1" resource="o1" action="a1" product_name="test1"/>
    <PERMISSION guid="p12" optlock="0" app_id="app1" resource="o1" action="a2" product_name="test1"/>
    <PERMISSION guid="p13" optlock="0" app_id="app1" resource="o1" action="a3" product_name="test1"/>

    <PERMISSION guid="p14" optlock="0" app_id="app1" resource="o2" action="a2" product_name="test1"/>
    <PERMISSION guid="p15" optlock="0" app_id="app1" resource="o2" action="a3" product_name="test1"/>

    <PERMISSION guid="p21" optlock="0" app_id="app2" resource="o1" action="a1" product_name="test1"/>
    <PERMISSION guid="p22" optlock="0" app_id="app2" resource="o1" action="a2" product_name="test1"/>

    <PERMISSION guid="p20-11" optlock="0" app_id="app20" resource="o1" action="a1" product_name="test2"/>

    <ROLE guid="r11" optlock="0" name="n1" description="d1" tenant_id="default"/>
    <ROLE guid="r12" optlock="0" name="n2" description="d1" tenant_id="default"/>
    <ROLE guid="r13" optlock="0" name="n3" description="d1" tenant_id="default"/>
    <ROLE guid="r14" optlock="0" name="n4" description="d1" tenant_id="default"/>

    <ROLE guid="r21" optlock="0" name="n1" description="d1" tenant_id="100"/>
    <ROLE guid="r22" optlock="0" name="n2" description="d1" tenant_id="100"/>
    <ROLE guid="r23" optlock="0" name="n3" description="d1" tenant_id="100"/>
    <ROLE guid="r24" optlock="0" name="n4" description="d1" tenant_id="100"/>

    <ASSIGNMENT guid="a11" optlock="0" permission_id="p11" role_id="r11" tenant_id="default"/>
    <ASSIGNMENT guid="a12" optlock="0" permission_id="p13" role_id="r14" tenant_id="default"/>

    <ASSIGNMENT guid="a13" optlock="0" permission_id="p21" role_id="r14" tenant_id="default"/>

</dataset>