<?xml version="1.0" encoding="UTF-8"?>
<dataset>

    <!-- PERMISSION -->
    <PERMISSION guid="p11" optlock="0" name="n1" app_id="app1" resource="o1" action="a1"/>
    <PERMISSION guid="p12" optlock="0" name="n1" app_id="app1" resource="o1" action="a2"/>
    <PERMISSION guid="p13" optlock="0" name="n1" app_id="app1" resource="o1" action="a3"/>

    <PERMISSION guid="p14" optlock="0" name="n1" app_id="app1" resource="o2" action="a2"/>
    <PERMISSION guid="p15" optlock="0" name="n1" app_id="app1" resource="o2" action="a3"/>

    <PERMISSION guid="p21" optlock="0" name="n1" app_id="app2" resource="o1" action="a1"/>
    <PERMISSION guid="p22" optlock="0" name="n1" app_id="app2" resource="o1" action="a2"/>

    <ROLE guid="r11" optlock="0" name="n1" description="d1" short_description="sd1" tenant_id="default"/>
    <ROLE guid="r12" optlock="0" name="n2" description="d1" short_description="sd1" tenant_id="default"/>
    <ROLE guid="r13" optlock="0" name="n3" description="d1" short_description="sd1" tenant_id="default"/>
    <ROLE guid="r14" optlock="0" name="n4" description="d1" short_description="sd1" tenant_id="default"/>

    <ROLE guid="r21" optlock="0" name="n1" description="d1" short_description="sd1" tenant_id="100"/>
    <ROLE guid="r22" optlock="0" name="n2" description="d1" short_description="sd1" tenant_id="100"/>
    <ROLE guid="r23" optlock="0" name="n3" description="d1" short_description="sd1" tenant_id="100"/>
    <ROLE guid="r24" optlock="0" name="n4" description="d1" short_description="sd1" tenant_id="100"/>
</dataset>