<?xml version="1.0" encoding="UTF-8"?>
<dataset>

    <APPLICATION guid="a1" optlock="0" app_id="app1" name="app1" description="app1" product_name="test1" />
    <APPLICATION guid="a2" optlock="0" app_id="app2" name="app2" description="app2" product_name="test1" />

    <!-- PERMISSION -->
    <PERMISSION guid="p11" optlock="0" app_id="app1" resource="o1" action="a1" product_name="test1"/>
    <PERMISSION guid="p12" optlock="0" app_id="app1" resource="o1" action="a2" product_name="test1"/>
    <PERMISSION guid="p13" optlock="0" app_id="app1" resource="o1" action="a3" product_name="test1"/>

    <PERMISSION guid="p14" optlock="0" app_id="app1" resource="o2" action="a2" product_name="test1"/>
    <PERMISSION guid="p15" optlock="0" app_id="app1" resource="o2" action="a3" product_name="test1"/>

    <PERMISSION guid="p21" optlock="0" app_id="app2" resource="o1" action="a1" product_name="test1"/>
    <PERMISSION guid="p22" optlock="0" app_id="app2" resource="o1" action="a2" product_name="test1"/>
</dataset>